<?xml version="1.0" encoding="UTF-8"?>
<!-- Generated by org.testng.reporters.JUnitReportReporter -->
<testsuite hostname="Diyadins-MacBook-Pro.local" name="se.nackademin.examination.examination_jacoco.DataAnalysisTest" tests="3" failures="0" timestamp="20 Oct 2016 07:58:58 GMT" time="0.003" errors="0">
  <testcase name="test2" time="0.001" classname="se.nackademin.examination.examination_jacoco.DataAnalysisTest"/>
  <testcase name="test3" time="0.000" classname="se.nackademin.examination.examination_jacoco.DataAnalysisTest"/>
  <testcase name="test1" time="0.002" classname="se.nackademin.examination.examination_jacoco.DataAnalysisTest"/>
</testsuite> <!-- se.nackademin.examination.examination_jacoco.DataAnalysisTest -->
