<?xml version="1.0" encoding="UTF-8"?>
<!-- Generated by org.testng.reporters.JUnitReportReporter -->
<testsuite hostname="Diyadins-MacBook-Pro.local" name="se.nackademin.examination.examination_jacoco.GameTest" tests="9" failures="0" timestamp="20 Oct 2016 07:58:58 GMT" time="0.002" errors="0">
  <testcase name="testMethod6" time="0.000" classname="se.nackademin.examination.examination_jacoco.GameTest"/>
  <testcase name="testMethod4" time="0.000" classname="se.nackademin.examination.examination_jacoco.GameTest"/>
  <testcase name="testMethod5" time="0.001" classname="se.nackademin.examination.examination_jacoco.GameTest"/>
  <testcase name="testGenderFromInputs" time="0.001" classname="se.nackademin.examination.examination_jacoco.GameTest"/>
  <testcase name="runTest" time="0.000" classname="se.nackademin.examination.examination_jacoco.GameTest"/>
  <testcase name="testMethod2" time="0.000" classname="se.nackademin.examination.examination_jacoco.GameTest"/>
  <testcase name="testMethod1" time="0.000" classname="se.nackademin.examination.examination_jacoco.GameTest"/>
  <testcase name="testMethod3" time="0.000" classname="se.nackademin.examination.examination_jacoco.GameTest"/>
  <testcase name="testMethod7" time="0.000" classname="se.nackademin.examination.examination_jacoco.GameTest"/>
</testsuite> <!-- se.nackademin.examination.examination_jacoco.GameTest -->
