<?xml version="1.0" encoding="UTF-8"?>
<!-- Generated by org.testng.reporters.JUnitReportReporter -->
<testsuite hostname="Diyadins-MacBook-Pro.local" name="se.nackademin.examination.examination_jacoco.ConversorTest" tests="4" failures="0" timestamp="20 Oct 2016 07:58:58 GMT" time="0.010" errors="0">
  <testcase name="testConversorGender" time="0.000" classname="se.nackademin.examination.examination_jacoco.ConversorTest"/>
  <testcase name="testConversorAge" time="0.000" classname="se.nackademin.examination.examination_jacoco.ConversorTest"/>
  <testcase name="testConversorCity" time="0.010" classname="se.nackademin.examination.examination_jacoco.ConversorTest"/>
  <testcase name="testConversorName" time="0.000" classname="se.nackademin.examination.examination_jacoco.ConversorTest"/>
</testsuite> <!-- se.nackademin.examination.examination_jacoco.ConversorTest -->
